<?xml version="1.0" encoding="UTF-8"?>
<!-- Generated by org.testng.reporters.JUnitReportReporter -->
<testsuite hostname="DESKTOP-TMF358B" failures="0" tests="1" name="com.odoo.testCases.TC_LoginTest_001" time="8.536" errors="0" timestamp="20 Feb 2022 16:40:50 GMT" skipped="0">
  <testcase classname="com.odoo.testCases.TC_LoginTest_001" name="loginTest" time="8.536"/>
</testsuite> <!-- com.odoo.testCases.TC_LoginTest_001 -->
